2022-10-13 13:40:18,399 [INFO] Activator:177 - 


2022-10-13 13:40:18,415 [INFO] Activator:178 - !SESSION log4j initialized
2022-10-13 13:40:49,440 [ERROR] LogOutputStream:74 - [STDERR_REDIRECT] SLF4J: Failed to load class "org.slf4j.impl.StaticLoggerBinder".
2022-10-13 13:40:49,440 [ERROR] LogOutputStream:74 - [STDERR_REDIRECT] SLF4J: Defaulting to no-operation (NOP) logger implementation
2022-10-13 13:40:49,448 [ERROR] LogOutputStream:74 - [STDERR_REDIRECT] SLF4J: See http://www.slf4j.org/codes.html#StaticLoggerBinder for further details.
2022-10-13 13:41:30,187 [INFO] McuFinderGlobals:44 - Set McuFinder mode to 2 (CubeIDE integrated)
2022-10-13 13:41:30,607 [INFO] ApplicationProperties:181 - Using Application install path: C:\ST\STM32CubeIDE_1.8.0\STM32CubeIDE\plugins\com.st.stm32cube.common.mx_6.6.1.202207061420
2022-10-13 13:41:30,639 [INFO] DbMcusXml:77 - Set database path to: C:\ST\STM32CubeIDE_1.8.0\STM32CubeIDE\plugins\com.st.stm32cube.common.mx_6.6.1.202207061420\\db\/mcu/
2022-10-13 13:41:30,639 [INFO] ApiDb:269 - Set plugin database path to: C:\ST\STM32CubeIDE_1.8.0\STM32CubeIDE\plugins\com.st.stm32cube.common.mx_6.6.1.202207061420\\db\/plugins/boardmanager/
2022-10-13 13:41:30,639 [WARN] ApiDb:254 - Overriding images path with different value:  => C:\ST\STM32CubeIDE_1.8.0\STM32CubeIDE\plugins\com.st.stm32cube.common.mx_6.6.1.202207061420\\db\/plugins/mcufinder/images/
2022-10-13 13:41:30,680 [INFO] ApiDb:249 - Set database path to: C:\Users\AW\.stmcufinder\plugins\mcufinder//mcu/
2022-10-13 13:41:30,680 [INFO] DbMcusAds:124 - Set database path to: C:\Users\AW\.stmcufinder\plugins\mcufinder//mcu/
2022-10-13 13:41:30,688 [INFO] CrossReferenceDbSqlite:201 - Set database path to: C:\Users\AW\.stmcufinder\plugins\mcufinder//mcu/cs/
2022-10-13 13:41:30,851 [INFO] RulesReader:61 - Compatibility file has been processed (282 Rules)
2022-10-13 13:41:30,962 [INFO] DbMcusXml:77 - Set database path to: C:\ST\STM32CubeIDE_1.8.0\STM32CubeIDE\plugins\com.st.stm32cube.common.mx_6.6.1.202207061420\\db\/mcu/
2022-10-13 13:41:30,962 [INFO] ApiDb:269 - Set plugin database path to: C:\ST\STM32CubeIDE_1.8.0\STM32CubeIDE\plugins\com.st.stm32cube.common.mx_6.6.1.202207061420\\db\/plugins/boardmanager/
2022-10-13 13:41:30,962 [INFO] ApiDb:256 - Set plugin images path to: C:\ST\STM32CubeIDE_1.8.0\STM32CubeIDE\plugins\com.st.stm32cube.common.mx_6.6.1.202207061420\\db\/plugins/mcufinder/images/
2022-10-13 13:41:30,962 [WARN] DbFile:40 - Overriding database path with different value: C:\Users\AW\.stmcufinder\plugins\mcufinder/ => C:\Users\AW\.stmcufinder\plugins\mcufinder
2022-10-13 13:41:30,962 [INFO] ApiDb:249 - Set database path to: C:\Users\AW\.stmcufinder\plugins\mcufinder//mcu/
2022-10-13 13:41:30,962 [WARN] DbFile:40 - Overriding database path with different value: C:\Users\AW\.stmcufinder\plugins\mcufinder/ => C:\Users\AW\.stmcufinder\plugins\mcufinder
2022-10-13 13:41:30,962 [INFO] DbMcusAds:124 - Set database path to: C:\Users\AW\.stmcufinder\plugins\mcufinder//mcu/
2022-10-13 13:41:30,962 [WARN] DbFile:40 - Overriding database path with different value: C:\Users\AW\.stmcufinder\plugins\mcufinder/ => C:\Users\AW\.stmcufinder\plugins\mcufinder
2022-10-13 13:41:30,962 [WARN] DbFile:40 - Overriding database path with different value: C:\Users\AW\.stmcufinder\plugins\mcufinder/ => C:\Users\AW\.stmcufinder\plugins\mcufinder
2022-10-13 13:41:30,962 [INFO] CrossReferenceDbSqlite:201 - Set database path to: C:\Users\AW\.stmcufinder\plugins\mcufinder//mcu/cs/
2022-10-13 13:41:31,071 [INFO] MainPanel:242 - HeapMemory: 522190848
2022-10-13 13:41:31,234 [INFO] DbMcusXml:77 - Set database path to: C:\ST\STM32CubeIDE_1.8.0\STM32CubeIDE\plugins\com.st.stm32cube.common.mx_6.6.1.202207061420\\db\/mcu/
2022-10-13 13:41:31,234 [INFO] ApiDb:269 - Set plugin database path to: C:\ST\STM32CubeIDE_1.8.0\STM32CubeIDE\plugins\com.st.stm32cube.common.mx_6.6.1.202207061420\\db\/plugins/boardmanager/
2022-10-13 13:41:31,234 [INFO] ApiDb:256 - Set plugin images path to: C:\ST\STM32CubeIDE_1.8.0\STM32CubeIDE\plugins\com.st.stm32cube.common.mx_6.6.1.202207061420\\db\/plugins/mcufinder/images/
2022-10-13 13:41:31,234 [WARN] DbFile:40 - Overriding database path with different value: C:\Users\AW\.stmcufinder\plugins\mcufinder/ => C:\Users\AW\.stmcufinder\plugins\mcufinder
2022-10-13 13:41:31,234 [INFO] ApiDb:249 - Set database path to: C:\Users\AW\.stmcufinder\plugins\mcufinder//mcu/
2022-10-13 13:41:31,234 [WARN] DbFile:40 - Overriding database path with different value: C:\Users\AW\.stmcufinder\plugins\mcufinder/ => C:\Users\AW\.stmcufinder\plugins\mcufinder
2022-10-13 13:41:31,234 [INFO] DbMcusAds:124 - Set database path to: C:\Users\AW\.stmcufinder\plugins\mcufinder//mcu/
2022-10-13 13:41:31,234 [WARN] DbFile:40 - Overriding database path with different value: C:\Users\AW\.stmcufinder\plugins\mcufinder/ => C:\Users\AW\.stmcufinder\plugins\mcufinder
2022-10-13 13:41:31,234 [WARN] DbFile:40 - Overriding database path with different value: C:\Users\AW\.stmcufinder\plugins\mcufinder/ => C:\Users\AW\.stmcufinder\plugins\mcufinder
2022-10-13 13:41:31,234 [INFO] CrossReferenceDbSqlite:201 - Set database path to: C:\Users\AW\.stmcufinder\plugins\mcufinder//mcu/cs/
2022-10-13 13:41:31,264 [INFO] ApplicationProperties:181 - Using Application install path: C:\ST\STM32CubeIDE_1.8.0\STM32CubeIDE\plugins\com.st.stm32cube.common.mx_6.6.1.202207061420
2022-10-13 13:41:31,264 [INFO] PluginManage:193 - Search for loadable plugins [exclusion list=, ]
2022-10-13 13:41:31,264 [INFO] PluginManage:307 - Check plugin analytics
2022-10-13 13:41:36,030 [INFO] AnalyticsPlugin:262 - Accepted Software Licenses: 
2022-10-13 13:41:36,030 [INFO] AnalyticsPlugin:264 - Accepted CMSIS Pack Licenses: 
2022-10-13 13:41:36,030 [INFO] AnalyticsPlugin:266 - Accepted Firmware Licenses: 
2022-10-13 13:41:36,051 [INFO] PluginManage:356 - Loaded plugin analytics (category:tool,tabindex:-1)
2022-10-13 13:41:36,051 [INFO] PluginManage:307 - Check plugin cadmodel
2022-10-13 13:41:36,071 [INFO] CADModel:65 - Init CAD model plugin
2022-10-13 13:41:36,071 [INFO] PluginManage:356 - Loaded plugin cadmodel (category:power,tabindex:5)
2022-10-13 13:41:36,071 [INFO] PluginManage:307 - Check plugin clock
2022-10-13 13:41:36,091 [INFO] PluginManage:356 - Loaded plugin clock (category:base,tabindex:2)
2022-10-13 13:41:36,091 [INFO] PluginManage:307 - Check plugin ddr
2022-10-13 13:41:36,099 [INFO] PluginManage:356 - Loaded plugin ddr (category:tool,tabindex:6)
2022-10-13 13:41:36,099 [INFO] PluginManage:307 - Check plugin filemanager
2022-10-13 13:41:36,262 [INFO] PluginManage:356 - Loaded plugin filemanager (category:base,tabindex:10)
2022-10-13 13:41:36,262 [INFO] PluginManage:307 - Check plugin ipmanager
2022-10-13 13:41:36,273 [INFO] PluginManage:356 - Loaded plugin ipmanager (category:base,tabindex:5)
2022-10-13 13:41:36,273 [INFO] PluginManage:307 - Check plugin lpbam
2022-10-13 13:41:36,291 [INFO] PluginManage:356 - Loaded plugin lpbam (category:base,tabindex:0)
2022-10-13 13:41:36,291 [INFO] PluginManage:307 - Check plugin pinoutandconfiguration
2022-10-13 13:41:36,323 [INFO] PluginManage:356 - Loaded plugin pinoutandconfiguration (category:base,tabindex:1)
2022-10-13 13:41:36,323 [INFO] PluginManage:307 - Check plugin pinoutconfig
2022-10-13 13:41:36,383 [INFO] PluginManage:356 - Loaded plugin pinoutconfig (category:base,tabindex:0)
2022-10-13 13:41:36,383 [INFO] PluginManage:307 - Check plugin power
2022-10-13 13:41:36,398 [INFO] PluginManage:356 - Loaded plugin power (category:power,tabindex:4)
2022-10-13 13:41:36,398 [INFO] PluginManage:307 - Check plugin projectmanager
2022-10-13 13:41:36,430 [INFO] PluginManage:356 - Loaded plugin projectmanager (category:projectmanager,tabindex:3)
2022-10-13 13:41:36,430 [INFO] PluginManage:307 - Check plugin thirdparty
2022-10-13 13:41:36,787 [WARN] IntegrityCheckThread:82 - waiting for thirdparty lock release [integrity check]
2022-10-13 13:41:36,787 [INFO] PluginManage:356 - Loaded plugin thirdparty (category:base,tabindex:-1)
2022-10-13 13:41:36,787 [INFO] IntegrityCheckThread:84 - entering critical section [integrity check]
2022-10-13 13:41:36,787 [INFO] PluginManage:307 - Check plugin tools
2022-10-13 13:41:36,795 [INFO] ThirdPartyUpdaterWithRetryManager:70 - Updater plugin not ready yet. [1/15]
2022-10-13 13:41:36,828 [INFO] PluginManage:356 - Loaded plugin tools (category:base,tabindex:7)
2022-10-13 13:41:36,828 [INFO] PluginManage:307 - Check plugin tutovideos
2022-10-13 13:41:37,149 [INFO] PluginManage:356 - Loaded plugin tutovideos (category:base,tabindex:-1)
2022-10-13 13:41:37,149 [INFO] PluginManage:307 - Check plugin updater
2022-10-13 13:41:37,170 [INFO] PluginManage:356 - Loaded plugin updater (category:base,tabindex:12)
2022-10-13 13:41:37,170 [INFO] PluginManage:280 - PluginManage : Loaded plugins [15]
2022-10-13 13:41:37,523 [INFO] PinOutPanel:1468 - setPackage(No Configuration,No Configuration)
2022-10-13 13:41:37,614 [INFO] CADModel:98 - CPN selected for project level
2022-10-13 13:41:37,645 [INFO] IPUIPlugin:79 - create IPUIPlugin
2022-10-13 13:41:37,645 [INFO] PluginManager:217 - loadIPPluginJar : add adc
2022-10-13 13:41:37,683 [INFO] IPUIPlugin:79 - create IPUIPlugin
2022-10-13 13:41:37,683 [INFO] PluginManager:217 - loadIPPluginJar : add aes
2022-10-13 13:41:37,735 [INFO] IPUIPlugin:79 - create IPUIPlugin
2022-10-13 13:41:37,735 [INFO] PluginManager:217 - loadIPPluginJar : add can
2022-10-13 13:41:37,756 [INFO] IPUIPlugin:79 - create IPUIPlugin
2022-10-13 13:41:37,756 [INFO] PluginManager:217 - loadIPPluginJar : add comp
2022-10-13 13:41:37,786 [INFO] IPUIPlugin:79 - create IPUIPlugin
2022-10-13 13:41:37,786 [INFO] PluginManager:217 - loadIPPluginJar : add cryp
2022-10-13 13:41:37,815 [INFO] IPUIPlugin:79 - create IPUIPlugin
2022-10-13 13:41:37,815 [INFO] PluginManager:217 - loadIPPluginJar : add dfsdm
2022-10-13 13:41:37,835 [INFO] IPUIPlugin:79 - create IPUIPlugin
2022-10-13 13:41:37,837 [INFO] PluginManager:217 - loadIPPluginJar : add dma
2022-10-13 13:41:37,876 [INFO] IPUIPlugin:79 - create IPUIPlugin
2022-10-13 13:41:37,876 [INFO] PluginManager:217 - loadIPPluginJar : add dma3
2022-10-13 13:41:37,888 [INFO] IPUIPlugin:79 - create IPUIPlugin
2022-10-13 13:41:37,888 [INFO] PluginManager:217 - loadIPPluginJar : add fatfs
2022-10-13 13:41:37,939 [INFO] IPUIPlugin:79 - create IPUIPlugin
2022-10-13 13:41:37,939 [INFO] PluginManager:217 - loadIPPluginJar : add fmc
2022-10-13 13:41:37,959 [INFO] IPUIPlugin:79 - create IPUIPlugin
2022-10-13 13:41:37,959 [INFO] PluginManager:217 - loadIPPluginJar : add freertos
2022-10-13 13:41:37,980 [INFO] IPUIPlugin:79 - create IPUIPlugin
2022-10-13 13:41:37,980 [INFO] PluginManager:217 - loadIPPluginJar : add genericplugin
2022-10-13 13:41:38,072 [INFO] IPUIPlugin:79 - create IPUIPlugin
2022-10-13 13:41:38,072 [INFO] PluginManager:217 - loadIPPluginJar : add gfxmmu
2022-10-13 13:41:38,204 [INFO] IPUIPlugin:79 - create IPUIPlugin
2022-10-13 13:41:38,204 [INFO] PluginManager:217 - loadIPPluginJar : add gic
2022-10-13 13:41:38,245 [INFO] IPUIPlugin:79 - create IPUIPlugin
2022-10-13 13:41:38,245 [INFO] PluginManager:217 - loadIPPluginJar : add gpio
2022-10-13 13:41:38,337 [INFO] IPUIPlugin:79 - create IPUIPlugin
2022-10-13 13:41:38,337 [INFO] PluginManager:217 - loadIPPluginJar : add gtzc
2022-10-13 13:41:38,365 [INFO] IPUIPlugin:79 - create IPUIPlugin
2022-10-13 13:41:38,365 [INFO] PluginManager:217 - loadIPPluginJar : add hash
2022-10-13 13:41:38,418 [INFO] IPUIPlugin:79 - create IPUIPlugin
2022-10-13 13:41:38,418 [INFO] PluginManager:217 - loadIPPluginJar : add i2c
2022-10-13 13:41:38,467 [INFO] IPUIPlugin:79 - create IPUIPlugin
2022-10-13 13:41:38,467 [INFO] PluginManager:217 - loadIPPluginJar : add i2s
2022-10-13 13:41:38,620 [INFO] IPUIPlugin:79 - create IPUIPlugin
2022-10-13 13:41:38,621 [INFO] PluginManager:217 - loadIPPluginJar : add ipddr
2022-10-13 13:41:38,709 [INFO] IPUIPlugin:79 - create IPUIPlugin
2022-10-13 13:41:38,709 [INFO] PluginManager:217 - loadIPPluginJar : add linkedlist
2022-10-13 13:41:38,741 [INFO] IPUIPlugin:79 - create IPUIPlugin
2022-10-13 13:41:38,741 [INFO] PluginManager:217 - loadIPPluginJar : add lorawan
2022-10-13 13:41:38,774 [INFO] IPUIPlugin:79 - create IPUIPlugin
2022-10-13 13:41:38,775 [INFO] PluginManager:217 - loadIPPluginJar : add ltdc
2022-10-13 13:41:38,791 [INFO] IPUIPlugin:79 - create IPUIPlugin
2022-10-13 13:41:38,792 [INFO] PluginManager:217 - loadIPPluginJar : add mdma
2022-10-13 13:41:38,805 [INFO] IPUIPlugin:79 - create IPUIPlugin
2022-10-13 13:41:38,806 [INFO] PluginManager:217 - loadIPPluginJar : add nvic
2022-10-13 13:41:38,840 [INFO] IPUIPlugin:79 - create IPUIPlugin
2022-10-13 13:41:38,840 [INFO] PluginManager:217 - loadIPPluginJar : add opamp
2022-10-13 13:41:38,905 [INFO] IPUIPlugin:79 - create IPUIPlugin
2022-10-13 13:41:38,906 [INFO] PluginManager:217 - loadIPPluginJar : add openamp
2022-10-13 13:41:38,948 [INFO] IPUIPlugin:79 - create IPUIPlugin
2022-10-13 13:41:38,949 [INFO] PluginManager:217 - loadIPPluginJar : add pdm2pcm
2022-10-13 13:41:38,966 [INFO] IPUIPlugin:79 - create IPUIPlugin
2022-10-13 13:41:38,970 [INFO] PluginManager:217 - loadIPPluginJar : add plateformsettings
2022-10-13 13:41:38,991 [INFO] IPUIPlugin:79 - create IPUIPlugin
2022-10-13 13:41:38,992 [INFO] PluginManager:217 - loadIPPluginJar : add quadspi
2022-10-13 13:41:39,008 [INFO] IPUIPlugin:79 - create IPUIPlugin
2022-10-13 13:41:39,008 [INFO] PluginManager:217 - loadIPPluginJar : add resmgrutility
2022-10-13 13:41:39,065 [INFO] IPUIPlugin:79 - create IPUIPlugin
2022-10-13 13:41:39,065 [INFO] PluginManager:217 - loadIPPluginJar : add sai
2022-10-13 13:41:39,103 [INFO] IPUIPlugin:79 - create IPUIPlugin
2022-10-13 13:41:39,103 [INFO] PluginManager:217 - loadIPPluginJar : add spi
2022-10-13 13:41:39,158 [INFO] IPUIPlugin:79 - create IPUIPlugin
2022-10-13 13:41:39,158 [INFO] PluginManager:217 - loadIPPluginJar : add stm32_wpan
2022-10-13 13:41:39,178 [INFO] IPUIPlugin:79 - create IPUIPlugin
2022-10-13 13:41:39,178 [INFO] PluginManager:217 - loadIPPluginJar : add tim
2022-10-13 13:41:39,237 [INFO] IPUIPlugin:79 - create IPUIPlugin
2022-10-13 13:41:39,237 [INFO] PluginManager:217 - loadIPPluginJar : add touchsensing
2022-10-13 13:41:39,259 [INFO] IPUIPlugin:79 - create IPUIPlugin
2022-10-13 13:41:39,259 [INFO] PluginManager:217 - loadIPPluginJar : add tracer_emb
2022-10-13 13:41:39,280 [INFO] IPUIPlugin:79 - create IPUIPlugin
2022-10-13 13:41:39,280 [INFO] PluginManager:217 - loadIPPluginJar : add ts
2022-10-13 13:41:39,298 [INFO] IPUIPlugin:79 - create IPUIPlugin
2022-10-13 13:41:39,298 [INFO] PluginManager:217 - loadIPPluginJar : add tsc
2022-10-13 13:41:39,310 [INFO] IPUIPlugin:79 - create IPUIPlugin
2022-10-13 13:41:39,310 [INFO] PluginManager:217 - loadIPPluginJar : add ucpd
2022-10-13 13:41:39,350 [INFO] IPUIPlugin:79 - create IPUIPlugin
2022-10-13 13:41:39,350 [INFO] PluginManager:217 - loadIPPluginJar : add usart
2022-10-13 13:41:39,381 [INFO] IPUIPlugin:79 - create IPUIPlugin
2022-10-13 13:41:39,381 [INFO] PluginManager:217 - loadIPPluginJar : add usbx
2022-10-13 13:41:39,809 [INFO] ThirdPartyUpdaterWithRetryManager:70 - Updater plugin not ready yet. [2/15]
2022-10-13 13:41:39,831 [FATAL] Updater:301 - Updater called before beeing initialized
2022-10-13 13:41:40,024 [FATAL] Updater:301 - Updater called before beeing initialized
2022-10-13 13:41:40,044 [INFO] DbMcusAds:52 - JSON generation date=Thu Sep 30 08:55:09 CEST 2021 (1632984909247)
2022-10-13 13:41:40,044 [FATAL] Updater:301 - Updater called before beeing initialized
2022-10-13 13:41:40,155 [WARN] DetailPanel:344 - Failed to get advertising image, set to default
2022-10-13 13:41:40,384 [FATAL] Updater:301 - Updater called before beeing initialized
2022-10-13 13:41:40,384 [FATAL] Updater:301 - Updater called before beeing initialized
2022-10-13 13:41:40,384 [FATAL] Updater:301 - Updater called before beeing initialized
2022-10-13 13:41:40,384 [WARN] DetailPanel:344 - Failed to get advertising image, set to default
2022-10-13 13:41:40,384 [FATAL] Updater:301 - Updater called before beeing initialized
2022-10-13 13:41:40,516 [ERROR] Updater:1105 - MainUpdater not yet initialized. External WinMGr cannot be set.
2022-10-13 13:41:40,531 [INFO] Updater:1041 - Updater Version found : 6.6.1
2022-10-13 13:41:40,563 [INFO] ApplicationProperties:181 - Using Application install path: C:\ST\STM32CubeIDE_1.8.0\STM32CubeIDE\plugins\com.st.stm32cube.common.mx_6.6.1.202207061420
2022-10-13 13:41:40,817 [INFO] MainUpdater:2768 - connection check result : 10
2022-10-13 13:41:40,817 [INFO] MainUpdater:3453 - Updater definition file requires update
2022-10-13 13:41:40,817 [INFO] MainUpdater:280 - Updater Check For Update Now.
2022-10-13 13:41:40,817 [INFO] MicroXplorer:481 - Change Database Version : DB.6.0.60
2022-10-13 13:41:40,848 [INFO] ServerAccessManage:474 - Download File updaters.zip
2022-10-13 13:41:40,917 [INFO] FileExtend:239 - Unzip File : updaters.zip
2022-10-13 13:41:40,917 [INFO] FileExtend:254 - Standard Zip Deflate
2022-10-13 13:41:41,480 [INFO] ServerAccessManage:474 - Download File PacksControlFlags.xml
2022-10-13 13:41:41,581 [INFO] ServerAccessManage:474 - Download File cubemx.pidx
2022-10-13 13:41:41,765 [INFO] LoadServerUpdatesThread:367 - End of LoadServerUpdate Thread
2022-10-13 13:41:41,965 [INFO] CheckServerUpdateThread:119 - End of CheckServer Thread
2022-10-13 13:41:42,097 [INFO] MainUpdater:2768 - connection check result : 10
2022-10-13 13:41:42,873 [INFO] McuFinderGlobals:57 - Set McuFinderConnectedMode to true
2022-10-13 13:41:42,885 [INFO] MultiScanPanel:195 - Auto-refresh data requested => check proxy status ongoing
2022-10-13 13:41:42,893 [INFO] FinderPluginLoader:92 - Searching for filters in installed packs
2022-10-13 13:41:43,066 [INFO] ApiDb:576 - Connected to CubeFinder SQLite database (C:\Users\AW\.stmcufinder\plugins\mcufinder\mcu\cube-finder-db.db)
2022-10-13 13:41:43,134 [INFO] ApiDb:663 - CubeFinder database Data Model version=2.1
2022-10-13 13:41:43,134 [INFO] ApiDb:664 - CubeFinder database Configuration version=3.0.32
2022-10-13 13:41:43,134 [INFO] ApiDb:665 - CubeFinder database generation date=2022-08-05 (1659688109)
2022-10-13 13:41:43,134 [INFO] ApiDb:666 - CubeFinder database FW Pack versions=[STM32Cube_FW_C0_V1.0.0, STM32Cube_FW_F4_V1.27.1, STM32Cube_FW_F7_V1.17.0, STM32Cube_FW_G0_V1.6.1, STM32Cube_FW_G4_V1.5.0, STM32Cube_FW_H7_V1.10.0, STM32Cube_FW_L5_V1.4.0, STM32Cube_FW_U5_V1.1.1, STM32Cube_FW_WB_V1.14.1, STM32Cube_FW_WL_V1.2.0, X-CUBE-ALGOBUILD_V1.3.0, X-CUBE-ALS_V1.0.1, X-CUBE-AZRTOS-F4_V1.1.0, X-CUBE-AZRTOS-F7_V1.1.0, X-CUBE-AZRTOS-G0_V1.1.0, X-CUBE-AZRTOS-G4_V1.0.0, X-CUBE-AZRTOS-H7_V2.1.0, X-CUBE-AZRTOS-L4_V1.0.0, X-CUBE-AZRTOS-L5_V1.0.0, X-CUBE-AZRTOS-WL_V1.0.0, X-CUBE-BLE1_V6.2.3, X-CUBE-BLE2_V3.3.0, X-CUBE-EEPRMA1_V3.1.1, X-CUBE-GNSS1_V6.0.0, X-CUBE-MEMS1_V9.1.0, X-CUBE-MEMS1_V9.3.0, X-CUBE-NFC4_V2.0.4, X-CUBE-NFC7_V1.0.0, X-CUBE-SFXS2LP1_V4.0.0, X-CUBE-SUBG2_V5.0.0]
2022-10-13 13:41:43,136 [WARN] PackLoader:242 - Cannot read IP mode file for STMicroelectronics.X-CUBE-GNSS1.6.0.0
2022-10-13 13:41:43,386 [WARN] PackLoader:242 - Cannot read IP mode file for STMicroelectronics.X-CUBE-AZRTOS-F4.1.1.0
2022-10-13 13:41:43,518 [WARN] PackLoader:242 - Cannot read IP mode file for STMicroelectronics.X-CUBE-MEMS1.9.2.0
2022-10-13 13:41:43,869 [WARN] PackLoader:242 - Cannot read IP mode file for STMicroelectronics.X-CUBE-AZRTOS-F7.1.1.0
2022-10-13 13:41:43,889 [WARN] PackLoader:242 - Cannot read IP mode file for STMicroelectronics.X-CUBE-AI.7.1.0
2022-10-13 13:41:43,907 [WARN] PackLoader:242 - Cannot read IP mode file for STMicroelectronics.X-CUBE-TOUCHGFX.4.19.1
2022-10-13 13:41:43,919 [WARN] PackLoader:242 - Cannot read IP mode file for STMicroelectronics.X-CUBE-BLE1.6.2.3
2022-10-13 13:41:43,930 [WARN] PackLoader:242 - Cannot read IP mode file for STMicroelectronics.X-CUBE-BLE1.6.2.2
2022-10-13 13:41:43,950 [WARN] PackLoader:242 - Cannot read IP mode file for STMicroelectronics.X-CUBE-NFC4.2.0.4
2022-10-13 13:41:43,960 [WARN] PackLoader:242 - Cannot read IP mode file for STMicroelectronics.X-CUBE-BLE2.3.2.2
2022-10-13 13:41:43,980 [WARN] PackLoader:242 - Cannot read IP mode file for STMicroelectronics.X-CUBE-NFC4.2.0.3
2022-10-13 13:41:43,990 [WARN] PackLoader:242 - Cannot read IP mode file for STMicroelectronics.X-CUBE-TOUCHGFX.4.19.0
2022-10-13 13:41:44,011 [WARN] PackLoader:242 - Cannot read IP mode file for STMicroelectronics.X-CUBE-TOF1.3.1.0
2022-10-13 13:41:44,041 [WARN] PackLoader:242 - Cannot read IP mode file for STMicroelectronics.X-CUBE-SFXS2LP1.3.1.0
2022-10-13 13:41:44,051 [WARN] PackLoader:242 - Cannot read IP mode file for wolfSSL.I-CUBE-wolfSSL.5.1.1
2022-10-13 13:41:44,091 [WARN] PackLoader:242 - Cannot read IP mode file for STMicroelectronics.X-CUBE-AZRTOS-F4.1.0.0
2022-10-13 13:41:44,111 [WARN] PackLoader:242 - Cannot read IP mode file for STMicroelectronics.X-CUBE-NFC7.1.0.0
2022-10-13 13:41:44,132 [WARN] PackLoader:242 - Cannot read IP mode file for STMicroelectronics.X-CUBE-SUBG2.4.2.0
2022-10-13 13:41:44,222 [WARN] PackLoader:242 - Cannot read IP mode file for STMicroelectronics.X-CUBE-MEMS1.9.3.0
2022-10-13 13:41:44,364 [WARN] PackLoader:242 - Cannot read IP mode file for STMicroelectronics.X-CUBE-AI.7.2.0
2022-10-13 13:41:44,414 [WARN] PackLoader:242 - Cannot read IP mode file for STMicroelectronics.X-CUBE-AZRTOS-G0.1.0.0
2022-10-13 13:41:44,434 [WARN] PackLoader:242 - Cannot read IP mode file for STMicroelectronics.X-CUBE-SFXS2LP1.4.0.0
2022-10-13 13:41:44,444 [WARN] PackLoader:242 - Cannot read IP mode file for STMicroelectronics.X-CUBE-BLE2.3.3.0
2022-10-13 13:41:44,473 [WARN] PackLoader:242 - Cannot read IP mode file for STMicroelectronics.X-CUBE-DISPLAY.2.2.0
2022-10-13 13:41:44,485 [WARN] PackLoader:242 - Cannot read IP mode file for STMicroelectronics.X-CUBE-TOUCHGFX.4.18.1
2022-10-13 13:41:44,495 [WARN] PackLoader:242 - Cannot read IP mode file for STMicroelectronics.X-CUBE-ISPU.1.0.0
2022-10-13 13:41:44,525 [WARN] PackLoader:242 - Cannot read IP mode file for RoweBots.I-CUBE-UNISONRTOS.5.5.0-4
2022-10-13 13:41:44,575 [WARN] PackLoader:242 - Cannot read IP mode file for STMicroelectronics.X-CUBE-AZRTOS-H7.2.1.0
2022-10-13 13:41:44,596 [WARN] PackLoader:242 - Cannot read IP mode file for STMicroelectronics.X-CUBE-BLEMGR.1.0.0
2022-10-13 13:41:44,616 [WARN] PackLoader:242 - Cannot read IP mode file for STMicroelectronics.X-CUBE-ALGOBUILD.1.3.0
2022-10-13 13:41:44,646 [WARN] PackLoader:242 - Cannot read IP mode file for STMicroelectronics.X-CUBE-AZRTOS-G0.1.1.0
2022-10-13 13:41:44,676 [WARN] PackLoader:242 - Cannot read IP mode file for STMicroelectronics.X-CUBE-SUBG2.5.0.0
2022-10-13 13:41:44,737 [WARN] PackLoader:242 - Cannot read IP mode file for SEGGER.I-CUBE-embOS.1.2.0
2022-10-13 13:41:44,797 [WARN] PackLoader:242 - Cannot read IP mode file for STMicroelectronics.X-CUBE-DISPLAY.2.1.0
2022-10-13 13:41:44,807 [WARN] PackLoader:242 - Cannot read IP mode file for STMicroelectronics.FP-ATR-ASTRA1.1.1.1
2022-10-13 13:41:44,817 [WARN] PackLoader:242 - Cannot read IP mode file for STMicroelectronics.FP-ATR-ASTRA1.1.1.0
2022-10-13 13:41:44,866 [WARN] PackLoader:242 - Cannot read IP mode file for STMicroelectronics.X-CUBE-AZRTOS-H7.2.0.0
2022-10-13 13:41:44,898 [WARN] PackLoader:242 - Cannot read IP mode file for STMicroelectronics.X-CUBE-AZRTOS-G4.1.0.0
2022-10-13 13:41:44,936 [WARN] PackLoader:242 - Cannot read IP mode file for STMicroelectronics.X-CUBE-AZRTOS-L4.1.0.0
2022-10-13 13:41:44,958 [WARN] PackLoader:242 - Cannot read IP mode file for emotas.I-CUBE-CANOPEN.1.1.2
2022-10-13 13:41:44,979 [WARN] PackLoader:242 - Cannot read IP mode file for STMicroelectronics.X-CUBE-TOUCHGFX.4.20.0
2022-10-13 13:41:45,255 [WARN] PackLoader:242 - Cannot read IP mode file for STMicroelectronics.X-CUBE-AZRTOS-F7.1.0.0
2022-10-13 13:41:45,309 [WARN] PackLoader:242 - Cannot read IP mode file for STMicroelectronics.X-CUBE-AZRTOS-WL.1.0.0
2022-10-13 13:41:45,378 [WARN] PackLoader:242 - Cannot read IP mode file for STMicroelectronics.X-CUBE-MEMS1.9.1.0
2022-10-13 13:41:45,494 [WARN] PackLoader:242 - Cannot read IP mode file for portGmbH.I-Cube-SoM-uGOAL.1.1.0
2022-10-13 13:41:45,509 [WARN] PackLoader:242 - Cannot read IP mode file for STMicroelectronics.X-CUBE-ALS.1.0.1
2022-10-13 13:41:45,541 [WARN] PackLoader:242 - Cannot read IP mode file for STMicroelectronics.X-CUBE-AZRTOS-L5.1.0.0
2022-10-13 13:41:45,572 [WARN] PackLoader:242 - Cannot read IP mode file for STMicroelectronics.X-CUBE-EEPRMA1.3.1.1
2022-10-13 13:41:45,578 [WARN] PackLoader:242 - Cannot read IP mode file for STMicroelectronics.X-CUBE-GNSS1.5.2.0
2022-10-13 13:41:45,594 [WARN] PackLoader:242 - Cannot read IP mode file for STMicroelectronics.X-CUBE-DISPLAY.2.0.1
2022-10-13 13:41:45,610 [WARN] PackLoader:242 - Cannot read IP mode file for STMicroelectronics.X-CUBE-TOF1.3.0.0
2022-10-13 13:41:45,610 [INFO] ThirdParty:929 - Integrity check success = true
2022-10-13 13:41:45,610 [INFO] IntegrityCheckThread:98 - exiting critical section [integrity check]
2022-10-13 13:41:45,610 [INFO] IntegrityCheckThread:101 - End integrity checks thread
2022-10-13 13:41:47,184 [INFO] ApiDb:239 - Found 138 in-development CPN: [B-WB1M-WPAN1, NUCLEO-C031C6, STEVAL-STWINBX1, STM320518-EVAL, STM32C0116-DK, STM32C011D6Y3TR, STM32C011D6Y6TR, STM32C011F4P3, STM32C011F4P6, STM32C011F4U3, STM32C011F4U6TR, STM32C011F6P3, STM32C011F6P6, STM32C011F6U3, STM32C011F6U6TR, STM32C011J4M3, STM32C011J4M6, STM32C011J6M3, STM32C011J6M6, STM32C0316-DK, STM32C031C4T3, STM32C031C4T6, STM32C031C4U3, STM32C031C4U6, STM32C031C6T3, STM32C031C6T6, STM32C031C6U3, STM32C031C6U6, STM32C031F4P3, STM32C031F4P6, STM32C031F6P3, STM32C031F6P6, STM32C031G4U3, STM32C031G4U6, STM32C031G6U3, STM32C031G6U6, STM32C031K4T3, STM32C031K4T6, STM32C031K4U3, STM32C031K4U6, STM32C031K6T3, STM32C031K6T6, STM32C031K6U3, STM32C031K6U6, STM32G071K8TXN, STM32G071K8UXN, STM32G081GBU6N, STM32G081KBT6N, STM32G081KBUXN, STM32G0B1CCT6N, STM32G0B1KCT6, STM32G0B1NEY6TR, STM32G0B1RCT6N, STM32G0C1CCT6, STM32G0C1CCT6N, STM32G0C1CCU6N, STM32G0C1CET6N, STM32G0C1CEU6N, STM32G0C1KCT6, STM32G0C1NEY6TR, STM32G0C1RCI6N, STM32G0C1RCT6N, STM32G0C1REI6N, STM32G0C1RET6N, STM32G0C1VCI6, STM32G0C1VEI6, STM32G471CCT6, STM32G471CCU6, STM32G471CET3, STM32G471CET6, STM32G471CEU3, STM32G471CEU6, STM32G471MCT6, STM32G471MET3, STM32G471MET6, STM32G471MEY6TR, STM32G471QCT6, STM32G471QET3, STM32G471RCT6, STM32G471RET3, STM32G471RET6, STM32G471VCH6, STM32G471VCI6, STM32G471VCT6, STM32G471VEH3, STM32G471VEH6, STM32G471VEI3, STM32G471VEI6, STM32G471VET3, STM32G471VET6, STM32G474CCT6, STM32L476VGY6PTR, STM32L4R5QGI6STR, STM32MP131AAE3, STM32MP131AAF3, STM32MP131AAG3, STM32MP131CAE3, STM32MP131CAF3, STM32MP131CAG3, STM32MP131DAE7, STM32MP131DAF7, STM32MP131DAG7, STM32MP131FAE7, STM32MP131FAF7, STM32MP131FAG7, STM32MP133AAE3, STM32MP133AAF3, STM32MP133AAG3, STM32MP133CAE3, STM32MP133CAF3, STM32MP133CAG3, STM32MP133DAE7, STM32MP133DAF7, STM32MP133DAG7, STM32MP133FAE7, STM32MP133FAF7, STM32MP133FAG7, STM32MP135AAE3, STM32MP135AAF3, STM32MP135AAG3, STM32MP135CAE3, STM32MP135CAF3, STM32MP135CAG3, STM32MP135DAE7, STM32MP135DAF7, STM32MP135DAG7, STM32MP135F-DK, STM32MP135FAE7, STM32MP135FAF7, STM32MP135FAG7, STM32U595ZJT6Q, STM32U599BJY6QTR, STM32U599NIH6Q, STM32U599NJH6Q, STM32U5A5ZJT6Q, STM32U5A9BJY6QTR, STM32U5A9NJH6Q, STM32WB1MMCH6]
2022-10-13 13:41:47,192 [INFO] DbMcus:215 - Found 3542 MCUs, 3542 are supported
2022-10-13 13:41:47,192 [INFO] ApiDb:418 - Load user favorites file C:\Users\AW/.stm32cubeide/favorites.mcus.txt: 0 item(s)
2022-10-13 13:41:47,192 [INFO] ApiDb:422 - User favorites MCUs=[]
2022-10-13 13:41:47,192 [INFO] DbMcus:221 - Set 0 / 0 favorites MCUs
2022-10-13 13:41:49,060 [INFO] LoadUrlFilesThread:177 - End of LoadServerUrlFiles without Thread
2022-10-13 13:41:49,119 [INFO] DetailPanel:339 - Set advertising image to C:/Users/AW/STM32Cube/Repository/\en.Prom_NBSTM32U50921.jpg
2022-10-13 13:41:50,346 [INFO] ToolPreferences:109 - Table McuList, key=mcufinder_cubeide.mculist: column name not found=IO
2022-10-13 13:41:50,346 [INFO] ToolPreferences:109 - Table McuList, key=mcufinder_cubeide.mculist: column name not found=Freq.
2022-10-13 13:41:50,346 [INFO] MultiScanPanel:778 - Auto Refresh Data is not needed
2022-10-13 13:41:50,356 [INFO] ApiDb:663 - CubeFinder database Data Model version=2.1
2022-10-13 13:41:50,356 [INFO] ApiDb:664 - CubeFinder database Configuration version=3.0.32
2022-10-13 13:41:50,356 [INFO] ApiDb:665 - CubeFinder database generation date=2022-08-05 (1659688109)
2022-10-13 13:41:50,356 [INFO] ApiDb:666 - CubeFinder database FW Pack versions=[STM32Cube_FW_C0_V1.0.0, STM32Cube_FW_F4_V1.27.1, STM32Cube_FW_F7_V1.17.0, STM32Cube_FW_G0_V1.6.1, STM32Cube_FW_G4_V1.5.0, STM32Cube_FW_H7_V1.10.0, STM32Cube_FW_L5_V1.4.0, STM32Cube_FW_U5_V1.1.1, STM32Cube_FW_WB_V1.14.1, STM32Cube_FW_WL_V1.2.0, X-CUBE-ALGOBUILD_V1.3.0, X-CUBE-ALS_V1.0.1, X-CUBE-AZRTOS-F4_V1.1.0, X-CUBE-AZRTOS-F7_V1.1.0, X-CUBE-AZRTOS-G0_V1.1.0, X-CUBE-AZRTOS-G4_V1.0.0, X-CUBE-AZRTOS-H7_V2.1.0, X-CUBE-AZRTOS-L4_V1.0.0, X-CUBE-AZRTOS-L5_V1.0.0, X-CUBE-AZRTOS-WL_V1.0.0, X-CUBE-BLE1_V6.2.3, X-CUBE-BLE2_V3.3.0, X-CUBE-EEPRMA1_V3.1.1, X-CUBE-GNSS1_V6.0.0, X-CUBE-MEMS1_V9.1.0, X-CUBE-MEMS1_V9.3.0, X-CUBE-NFC4_V2.0.4, X-CUBE-NFC7_V1.0.0, X-CUBE-SFXS2LP1_V4.0.0, X-CUBE-SUBG2_V5.0.0]
2022-10-13 13:41:50,488 [INFO] DbBoardsSqlite:227 - include board P-NUCLEO-WB55-NUCLEO as a kit item of type 'Nucleo-64'
2022-10-13 13:41:50,488 [INFO] DbBoardsSqlite:227 - include board P-NUCLEO-WB55-USBDONGLE as a kit item of type 'Nucleo USB Dongle'
2022-10-13 13:41:50,488 [INFO] DbBoardsSqlite:227 - include board STEVAL-IDP005V1 as a kit item of type 'Evaluation Board'
2022-10-13 13:41:50,488 [INFO] DbBoardsSqlite:227 - include board STEVAL-IDP005V2 as a kit item of type 'Evaluation Board'
2022-10-13 13:41:50,510 [INFO] ApiDb:239 - Found 138 in-development CPN: [B-WB1M-WPAN1, NUCLEO-C031C6, STEVAL-STWINBX1, STM320518-EVAL, STM32C0116-DK, STM32C011D6Y3TR, STM32C011D6Y6TR, STM32C011F4P3, STM32C011F4P6, STM32C011F4U3, STM32C011F4U6TR, STM32C011F6P3, STM32C011F6P6, STM32C011F6U3, STM32C011F6U6TR, STM32C011J4M3, STM32C011J4M6, STM32C011J6M3, STM32C011J6M6, STM32C0316-DK, STM32C031C4T3, STM32C031C4T6, STM32C031C4U3, STM32C031C4U6, STM32C031C6T3, STM32C031C6T6, STM32C031C6U3, STM32C031C6U6, STM32C031F4P3, STM32C031F4P6, STM32C031F6P3, STM32C031F6P6, STM32C031G4U3, STM32C031G4U6, STM32C031G6U3, STM32C031G6U6, STM32C031K4T3, STM32C031K4T6, STM32C031K4U3, STM32C031K4U6, STM32C031K6T3, STM32C031K6T6, STM32C031K6U3, STM32C031K6U6, STM32G071K8TXN, STM32G071K8UXN, STM32G081GBU6N, STM32G081KBT6N, STM32G081KBUXN, STM32G0B1CCT6N, STM32G0B1KCT6, STM32G0B1NEY6TR, STM32G0B1RCT6N, STM32G0C1CCT6, STM32G0C1CCT6N, STM32G0C1CCU6N, STM32G0C1CET6N, STM32G0C1CEU6N, STM32G0C1KCT6, STM32G0C1NEY6TR, STM32G0C1RCI6N, STM32G0C1RCT6N, STM32G0C1REI6N, STM32G0C1RET6N, STM32G0C1VCI6, STM32G0C1VEI6, STM32G471CCT6, STM32G471CCU6, STM32G471CET3, STM32G471CET6, STM32G471CEU3, STM32G471CEU6, STM32G471MCT6, STM32G471MET3, STM32G471MET6, STM32G471MEY6TR, STM32G471QCT6, STM32G471QET3, STM32G471RCT6, STM32G471RET3, STM32G471RET6, STM32G471VCH6, STM32G471VCI6, STM32G471VCT6, STM32G471VEH3, STM32G471VEH6, STM32G471VEI3, STM32G471VEI6, STM32G471VET3, STM32G471VET6, STM32G474CCT6, STM32L476VGY6PTR, STM32L4R5QGI6STR, STM32MP131AAE3, STM32MP131AAF3, STM32MP131AAG3, STM32MP131CAE3, STM32MP131CAF3, STM32MP131CAG3, STM32MP131DAE7, STM32MP131DAF7, STM32MP131DAG7, STM32MP131FAE7, STM32MP131FAF7, STM32MP131FAG7, STM32MP133AAE3, STM32MP133AAF3, STM32MP133AAG3, STM32MP133CAE3, STM32MP133CAF3, STM32MP133CAG3, STM32MP133DAE7, STM32MP133DAF7, STM32MP133DAG7, STM32MP133FAE7, STM32MP133FAF7, STM32MP133FAG7, STM32MP135AAE3, STM32MP135AAF3, STM32MP135AAG3, STM32MP135CAE3, STM32MP135CAF3, STM32MP135CAG3, STM32MP135DAE7, STM32MP135DAF7, STM32MP135DAG7, STM32MP135F-DK, STM32MP135FAE7, STM32MP135FAF7, STM32MP135FAG7, STM32U595ZJT6Q, STM32U599BJY6QTR, STM32U599NIH6Q, STM32U599NJH6Q, STM32U5A5ZJT6Q, STM32U5A9BJY6QTR, STM32U5A9NJH6Q, STM32WB1MMCH6]
2022-10-13 13:41:50,668 [INFO] BoardInfo:879 - No configuration file found for board P-NUCLEO-WB55
2022-10-13 13:41:50,668 [INFO] DbBoards:156 - Kit is not supported: P-NUCLEO-WB55
2022-10-13 13:41:50,678 [INFO] BoardInfo:879 - No configuration file found for board STEVAL-BFA001V1B
2022-10-13 13:41:50,678 [INFO] DbBoards:156 - Kit is not supported: STEVAL-BFA001V1B
2022-10-13 13:41:50,678 [INFO] BoardInfo:879 - No configuration file found for board STEVAL-BFA001V2B
2022-10-13 13:41:50,678 [INFO] DbBoards:156 - Kit is not supported: STEVAL-BFA001V2B
2022-10-13 13:41:50,851 [INFO] DbBoards:160 - Found 176 boards, 173 are supported
2022-10-13 13:41:50,862 [INFO] ApiDb:418 - Load user favorites file C:\Users\AW/.stm32cubeide/favorites.boards.txt: 0 item(s)
2022-10-13 13:41:50,862 [INFO] ApiDb:422 - User favorites Boards=[]
2022-10-13 13:41:50,862 [INFO] DbBoards:189 - Set 0 / 0 favorites Boards
2022-10-13 13:42:22,587 [INFO] MainUpdater:2768 - connection check result : 10
2022-10-13 13:42:22,587 [INFO] MainUpdater:2768 - connection check result : 10
2022-10-13 13:42:22,636 [INFO] MicroXplorer:451 - Change Database Path : 
2022-10-13 13:42:22,636 [INFO] MicroXplorer:481 - Change Database Version : DB.6.0.60
2022-10-13 13:42:22,636 [WARN] ThirdParty:827 - waiting for thirdparty lock release [close project]
2022-10-13 13:42:22,636 [INFO] ThirdParty:829 - entering critical section [close project]
2022-10-13 13:42:22,636 [INFO] ThirdParty:839 - exiting critical section [close project]
2022-10-13 13:42:22,646 [INFO] PinOutPanel:1468 - setPackage(No Configuration,No Configuration)
2022-10-13 13:42:22,646 [INFO] UtilMem:74 - Begin LoadConfig() Used Memory: 694404472 Bytes (857735168)
2022-10-13 13:42:22,646 [INFO] MicroXplorer:451 - Change Database Path : 
2022-10-13 13:42:22,646 [INFO] MicroXplorer:481 - Change Database Version : DB.6.0.60
2022-10-13 13:42:22,646 [INFO] OpenFileManager:307 - Change cursor
2022-10-13 13:42:22,726 [INFO] Mcu:1922 - Initializing MCU STM32F746ZGTx STM32F746ZGTx STM32F746ZGT6
2022-10-13 13:42:27,095 [INFO] Context:654 - Trying to add GPIOservice into a context  which must be forbidden
2022-10-13 13:42:28,373 [WARN] ApiManager:308 - Cannot register API 'Board Extension:GNSS1A1' from pack STMicroelectronics.X-CUBE-GNSS1.6.0.0: no header file found
2022-10-13 13:42:28,373 [WARN] ApiManager:308 - Cannot register API 'Board Support:Custom' from pack STMicroelectronics.X-CUBE-GNSS1.6.0.0: no header file found
2022-10-13 13:42:28,373 [WARN] ApiManager:308 - Cannot register API 'Data Exchange:lib_gnss' from pack STMicroelectronics.X-CUBE-GNSS1.6.0.0: no header file found
2022-10-13 13:42:28,674 [WARN] ApiManager:308 - Cannot register API 'Board Extension:IKS01A3' from pack STMicroelectronics.X-CUBE-MEMS1.9.2.0: no header file found
2022-10-13 13:42:28,674 [WARN] ApiManager:308 - Cannot register API 'Board Extension:IKS01A2' from pack STMicroelectronics.X-CUBE-MEMS1.9.2.0: no header file found
2022-10-13 13:42:28,674 [WARN] ApiManager:308 - Cannot register API 'Board Extension:IKS02A1' from pack STMicroelectronics.X-CUBE-MEMS1.9.2.0: no header file found
2022-10-13 13:42:28,694 [WARN] ApiManager:308 - Cannot register API 'Wireless:BlueNRG-MS' from pack STMicroelectronics.X-CUBE-BLE1.6.2.3: no header file found
2022-10-13 13:42:28,704 [INFO] RtosManager:488 - Registered RTOS mode: class=CMSIS, group=RTOS, mode=CMSIS_V1, owner=FREERTOS
2022-10-13 13:42:28,704 [INFO] RtosManager:488 - Registered RTOS mode: class=CMSIS, group=RTOS2, mode=CMSIS_V2, owner=FREERTOS
2022-10-13 13:42:28,704 [INFO] RtosManager:488 - Registered RTOS mode: class=RTOS, group=Core, mode=CMSIS_V1, owner=FREERTOS
2022-10-13 13:42:28,704 [INFO] RtosManager:488 - Registered RTOS mode: class=RTOS, group=Core, mode=CMSIS_V2, owner=FREERTOS
2022-10-13 13:42:28,704 [WARN] ModelIntegratedComponent:185 - Missing modes for component STMicroelectronics:FreeRTOS:0.0.1:STMicroelectronics:RTOS:FreeRTOS:Core:::10.2.0:
2022-10-13 13:42:28,714 [WARN] ApiManager:308 - Cannot register API 'Board Extension:S2868A1' from pack STMicroelectronics.X-CUBE-SUBG2.5.0.0: no header file found
2022-10-13 13:42:28,714 [WARN] ApiManager:308 - Cannot register API 'Board Extension:S2868A2' from pack STMicroelectronics.X-CUBE-SUBG2.5.0.0: no header file found
2022-10-13 13:42:28,714 [WARN] ApiManager:308 - Cannot register API 'Board Extension:S2915A1' from pack STMicroelectronics.X-CUBE-SUBG2.5.0.0: no header file found
2022-10-13 13:42:28,733 [WARN] ApiManager:308 - Cannot register API 'Wireless:BlueNRG-MS' from pack STMicroelectronics.X-CUBE-BLE1.6.2.2: no header file found
2022-10-13 13:42:28,733 [WARN] ApiManager:308 - Cannot register API 'Board Extension:NFC04A1' from pack STMicroelectronics.X-CUBE-NFC4.2.0.4: no header file found
2022-10-13 13:42:28,735 [WARN] ApiManager:308 - Cannot register API 'Wireless:BlueNRG-2' from pack STMicroelectronics.X-CUBE-BLE2.3.2.2: no header file found
2022-10-13 13:42:28,735 [WARN] ApiManager:308 - Cannot register API 'Board Extension:NFC04A1' from pack STMicroelectronics.X-CUBE-NFC4.2.0.3: no header file found
2022-10-13 13:42:28,735 [WARN] ApiManager:308 - Cannot register API 'Board Extension:S2868A1' from pack STMicroelectronics.X-CUBE-SFXS2LP1.3.1.0: no header file found
2022-10-13 13:42:28,735 [WARN] ApiManager:308 - Cannot register API 'Board Extension:S2868A2' from pack STMicroelectronics.X-CUBE-SFXS2LP1.3.1.0: no header file found
2022-10-13 13:42:28,735 [WARN] ApiManager:308 - Cannot register API 'Board Extension:S2915A1' from pack STMicroelectronics.X-CUBE-SFXS2LP1.3.1.0: no header file found
2022-10-13 13:42:28,745 [WARN] ModelIntegratedComponent:64 - No mode defined for component null
2022-10-13 13:42:28,745 [WARN] ModelIntegratedComponent:64 - No mode defined for component null
2022-10-13 13:42:28,745 [WARN] ModelIntegratedComponent:64 - No mode defined for component null
2022-10-13 13:42:28,745 [WARN] ModelIntegratedComponent:64 - No mode defined for component null
2022-10-13 13:42:28,745 [WARN] ModelIntegratedComponent:64 - No mode defined for component null
2022-10-13 13:42:28,745 [WARN] ModelIntegratedComponent:64 - No mode defined for component null
2022-10-13 13:42:28,745 [WARN] ModelIntegratedComponent:64 - No mode defined for component null
2022-10-13 13:42:28,745 [WARN] ModelIntegratedComponent:64 - No mode defined for component null
2022-10-13 13:42:28,745 [WARN] ModelIntegratedComponent:64 - No mode defined for component null
2022-10-13 13:42:28,745 [WARN] ModelIntegratedComponent:64 - No mode defined for component null
2022-10-13 13:42:28,745 [WARN] ModelIntegratedComponent:64 - No mode defined for component null
2022-10-13 13:42:28,745 [WARN] ModelIntegratedComponent:64 - No mode defined for component null
2022-10-13 13:42:28,745 [WARN] ModelIntegratedComponent:64 - No mode defined for component null
2022-10-13 13:42:28,745 [WARN] ModelIntegratedComponent:64 - No mode defined for component null
2022-10-13 13:42:28,745 [WARN] ModelIntegratedComponent:64 - No mode defined for component null
2022-10-13 13:42:28,745 [WARN] ModelIntegratedComponent:64 - No mode defined for component null
2022-10-13 13:42:28,745 [WARN] ModelIntegratedComponent:64 - No mode defined for component null
2022-10-13 13:42:28,745 [WARN] ModelIntegratedComponent:64 - No mode defined for component null
2022-10-13 13:42:28,745 [WARN] ModelIntegratedComponent:64 - No mode defined for component null
2022-10-13 13:42:28,745 [WARN] ModelIntegratedComponent:64 - No mode defined for component null
2022-10-13 13:42:28,745 [WARN] ModelIntegratedComponent:64 - No mode defined for component null
2022-10-13 13:42:28,753 [WARN] ModelIntegratedComponent:64 - No mode defined for component null
2022-10-13 13:42:28,753 [WARN] ModelIntegratedComponent:64 - No mode defined for component null
2022-10-13 13:42:28,753 [WARN] ModelIntegratedComponent:64 - No mode defined for component null
2022-10-13 13:42:28,753 [WARN] ModelIntegratedComponent:64 - No mode defined for component null
2022-10-13 13:42:28,753 [WARN] ModelIntegratedComponent:64 - No mode defined for component null
2022-10-13 13:42:28,753 [WARN] ModelIntegratedComponent:64 - No mode defined for component null
2022-10-13 13:42:28,753 [WARN] ModelIntegratedComponent:64 - No mode defined for component null
2022-10-13 13:42:28,753 [WARN] ModelIntegratedComponent:64 - No mode defined for component null
2022-10-13 13:42:28,755 [WARN] ModelIntegratedComponent:64 - No mode defined for component null
2022-10-13 13:42:28,755 [WARN] ModelIntegratedComponent:64 - No mode defined for component null
2022-10-13 13:42:28,755 [WARN] ModelIntegratedComponent:64 - No mode defined for component null
2022-10-13 13:42:28,755 [WARN] ModelIntegratedComponent:64 - No mode defined for component null
2022-10-13 13:42:28,755 [WARN] ApiManager:308 - Cannot register API 'Board Extension:NFC07A1' from pack STMicroelectronics.X-CUBE-NFC7.1.0.0: no header file found
2022-10-13 13:42:28,765 [WARN] ApiManager:308 - Cannot register API 'Board Extension:S2868A1' from pack STMicroelectronics.X-CUBE-SUBG2.4.2.0: no header file found
2022-10-13 13:42:28,765 [WARN] ApiManager:308 - Cannot register API 'Board Extension:S2868A2' from pack STMicroelectronics.X-CUBE-SUBG2.4.2.0: no header file found
2022-10-13 13:42:28,765 [WARN] ApiManager:308 - Cannot register API 'Board Extension:S2915A1' from pack STMicroelectronics.X-CUBE-SUBG2.4.2.0: no header file found
2022-10-13 13:42:28,853 [WARN] ApiManager:308 - Cannot register API 'Board Extension:IKS01A3' from pack STMicroelectronics.X-CUBE-MEMS1.9.1.0: no header file found
2022-10-13 13:42:28,853 [WARN] ApiManager:308 - Cannot register API 'Board Extension:IKS01A2' from pack STMicroelectronics.X-CUBE-MEMS1.9.1.0: no header file found
2022-10-13 13:42:28,853 [WARN] ApiManager:308 - Cannot register API 'Board Extension:IKS02A1' from pack STMicroelectronics.X-CUBE-MEMS1.9.1.0: no header file found
2022-10-13 13:42:28,966 [WARN] ApiManager:308 - Cannot register API 'Board Extension:IKS01A3' from pack STMicroelectronics.X-CUBE-MEMS1.9.3.0: no header file found
2022-10-13 13:42:28,966 [WARN] ApiManager:308 - Cannot register API 'Board Extension:IKS01A2' from pack STMicroelectronics.X-CUBE-MEMS1.9.3.0: no header file found
2022-10-13 13:42:28,966 [WARN] ApiManager:308 - Cannot register API 'Board Extension:IKS02A1' from pack STMicroelectronics.X-CUBE-MEMS1.9.3.0: no header file found
2022-10-13 13:42:28,974 [WARN] ApiManager:308 - Cannot register API 'Board Extension:EEPRMA1' from pack STMicroelectronics.X-CUBE-EEPRMA1.3.1.1: no header file found
2022-10-13 13:42:28,974 [WARN] ApiManager:308 - Cannot register API 'Board Extension:EEPRMA2' from pack STMicroelectronics.X-CUBE-EEPRMA1.3.1.1: no header file found
2022-10-13 13:42:28,974 [WARN] ApiManager:308 - Cannot register API 'Board Extension:GNSS1A1' from pack STMicroelectronics.X-CUBE-GNSS1.5.2.0: no header file found
2022-10-13 13:42:28,974 [WARN] ApiManager:308 - Cannot register API 'Board Support:Custom' from pack STMicroelectronics.X-CUBE-GNSS1.5.2.0: no header file found
2022-10-13 13:42:28,974 [WARN] ApiManager:308 - Cannot register API 'Data Exchange:lib_gnss' from pack STMicroelectronics.X-CUBE-GNSS1.5.2.0: no header file found
2022-10-13 13:42:28,974 [WARN] ApiManager:308 - Cannot register API 'Board Extension:S2868A1' from pack STMicroelectronics.X-CUBE-SFXS2LP1.4.0.0: no header file found
2022-10-13 13:42:28,974 [WARN] ApiManager:308 - Cannot register API 'Board Extension:S2868A2' from pack STMicroelectronics.X-CUBE-SFXS2LP1.4.0.0: no header file found
2022-10-13 13:42:28,974 [WARN] ApiManager:308 - Cannot register API 'Board Extension:S2915A1' from pack STMicroelectronics.X-CUBE-SFXS2LP1.4.0.0: no header file found
2022-10-13 13:42:28,974 [WARN] ApiManager:308 - Cannot register API 'Wireless:BlueNRG-2' from pack STMicroelectronics.X-CUBE-BLE2.3.3.0: no header file found
2022-10-13 13:42:28,997 [INFO] ThirdPartyModel:289 - Start build external matchings
2022-10-13 13:42:30,533 [INFO] ThirdPartyModel:302 - End build external matchings
2022-10-13 13:42:30,563 [INFO] ImportTextPane:193 - (OptionalMessage_ERROR) IP (RCC) : Invalid parameter (48MHZClocksFreq_Value)
2022-10-13 13:42:30,563 [INFO] ImportTextPane:193 - (OptionalMessage_ERROR) IP (RCC) : Invalid parameter (ADC12outputFreq_Value)
2022-10-13 13:42:30,563 [INFO] ImportTextPane:193 - (OptionalMessage_ERROR) IP (RCC) : Invalid parameter (ADC34outputFreq_Value)
2022-10-13 13:42:30,563 [INFO] ImportTextPane:193 - (OptionalMessage_ERROR) IP (RCC) : Invalid parameter (FamilyName)
2022-10-13 13:42:30,563 [INFO] ImportTextPane:193 - (OptionalMessage_ERROR) IP (RCC) : Invalid parameter (I2SClocksFreq_Value)
2022-10-13 13:42:30,563 [INFO] ImportTextPane:193 - (OptionalMessage_ERROR) IP (RCC) : Parameter (LCDTFToutputFreq_Value) has invalid value (96000000)
2022-10-13 13:42:30,563 [INFO] ImportTextPane:193 - (OptionalMessage_ERROR) IP (RCC) : Invalid parameter (MCOFreq_Value)
2022-10-13 13:42:30,563 [INFO] ImportTextPane:193 - (OptionalMessage_ERROR) IP (RCC) : Invalid parameter (PLLMCOFreq_Value)
2022-10-13 13:42:30,563 [INFO] ImportTextPane:193 - (OptionalMessage_ERROR) IP (RCC) : Invalid parameter (PLLMUL)
2022-10-13 13:42:30,563 [INFO] ImportTextPane:193 - (OptionalMessage_ERROR) IP (RCC) : Invalid parameter (PRESCALERUSB)
2022-10-13 13:42:30,563 [INFO] ImportTextPane:193 - (OptionalMessage_ERROR) IP (RCC) : Invalid parameter (RTCHSEDivFreq_Value)
2022-10-13 13:42:30,563 [INFO] ImportTextPane:193 - (OptionalMessage_ERROR) IP (RCC) : Parameter (SDMMCFreq_Value) has invalid value (72000000)
2022-10-13 13:42:30,563 [INFO] ImportTextPane:193 - (OptionalMessage_ERROR) IP (RCC) : Invalid parameter (SYSCLKSourceVirtual)
2022-10-13 13:42:30,563 [INFO] ImportTextPane:193 - (OptionalMessage_ERROR) IP (RCC) : Invalid parameter (TIM15Freq_Value)
2022-10-13 13:42:30,563 [INFO] ImportTextPane:193 - (OptionalMessage_ERROR) IP (RCC) : Invalid parameter (TIM16Freq_Value)
2022-10-13 13:42:30,563 [INFO] ImportTextPane:193 - (OptionalMessage_ERROR) IP (RCC) : Invalid parameter (TIM17Freq_Value)
2022-10-13 13:42:30,571 [INFO] ImportTextPane:193 - (OptionalMessage_ERROR) IP (RCC) : Invalid parameter (TIM1Freq_Value)
2022-10-13 13:42:30,571 [INFO] ImportTextPane:193 - (OptionalMessage_ERROR) IP (RCC) : Invalid parameter (TIM20Freq_Value)
2022-10-13 13:42:30,571 [INFO] ImportTextPane:193 - (OptionalMessage_ERROR) IP (RCC) : Invalid parameter (TIM2Freq_Value)
2022-10-13 13:42:30,571 [INFO] ImportTextPane:193 - (OptionalMessage_ERROR) IP (RCC) : Invalid parameter (TIM3Freq_Value)
2022-10-13 13:42:30,571 [INFO] ImportTextPane:193 - (OptionalMessage_ERROR) IP (RCC) : Invalid parameter (TIM8Freq_Value)
2022-10-13 13:42:30,573 [INFO] ImportTextPane:193 - (OptionalMessage_ERROR) IP (RCC) : Invalid parameter (VCOOutput2Freq_Value)
2022-10-13 13:42:30,573 [INFO] ImportTextPane:193 - (OptionalMessage_ERROR) IP (RCC) : Invalid parameter (VcooutputI2S)
2022-10-13 13:42:31,294 [INFO] UtilMem:74 - End LoadConfig() Used Memory: 695646504 Bytes (857735168)
2022-10-13 13:42:31,347 [WARN] ThirdParty:789 - waiting for thirdparty lock release [change project]
2022-10-13 13:42:31,347 [INFO] ThirdParty:791 - entering critical section [change project]
2022-10-13 13:42:31,347 [INFO] ThirdParty:981 - CMSIS Pack Vendor :RoweBots I-CUBE-UNISONRTOS 5.5.0-4
2022-10-13 13:42:31,347 [INFO] ThirdParty:981 - CMSIS Pack Vendor :STMicroelectronics X-CUBE-GNSS1 6.0.0
2022-10-13 13:42:31,347 [INFO] ThirdParty:981 - CMSIS Pack Vendor :STMicroelectronics X-CUBE-AZRTOS-H7 2.1.0
2022-10-13 13:42:31,347 [INFO] ThirdParty:981 - CMSIS Pack Vendor :STMicroelectronics USB_HOST 2.0.0
2022-10-13 13:42:31,347 [INFO] ThirdParty:981 - CMSIS Pack Vendor :STMicroelectronics X-CUBE-AZRTOS-F4 1.1.0
2022-10-13 13:42:31,347 [INFO] ThirdParty:981 - CMSIS Pack Vendor :STMicroelectronics LIBJPEG 8.0.0
2022-10-13 13:42:31,347 [INFO] ThirdParty:981 - CMSIS Pack Vendor :STMicroelectronics USB_DEVICE 3.0.0
2022-10-13 13:42:31,347 [INFO] ThirdParty:981 - CMSIS Pack Vendor :STMicroelectronics X-CUBE-BLEMGR 1.0.0
2022-10-13 13:42:31,347 [INFO] ThirdParty:981 - CMSIS Pack Vendor :STMicroelectronics X-CUBE-MEMS1 9.2.0
2022-10-13 13:42:31,347 [INFO] ThirdParty:981 - CMSIS Pack Vendor :STMicroelectronics X-CUBE-AZRTOS-F7 1.1.0
2022-10-13 13:42:31,347 [INFO] ThirdParty:981 - CMSIS Pack Vendor :STMicroelectronics USB_DEVICE 2.0.0
2022-10-13 13:42:31,347 [INFO] ThirdParty:981 - CMSIS Pack Vendor :STMicroelectronics X-CUBE-AI 7.1.0
2022-10-13 13:42:31,347 [INFO] ThirdParty:981 - CMSIS Pack Vendor :STMicroelectronics X-CUBE-TOUCHGFX 4.19.1
2022-10-13 13:42:31,347 [INFO] ThirdParty:981 - CMSIS Pack Vendor :STMicroelectronics X-CUBE-BLE1 6.2.3
2022-10-13 13:42:31,347 [INFO] ThirdParty:981 - CMSIS Pack Vendor :STMicroelectronics X-CUBE-ALGOBUILD 1.3.0
2022-10-13 13:42:31,347 [INFO] ThirdParty:981 - CMSIS Pack Vendor :STMicroelectronics FreeRTOS 0.0.1
2022-10-13 13:42:31,347 [INFO] ThirdParty:981 - CMSIS Pack Vendor :STMicroelectronics X-CUBE-AZRTOS-G0 1.1.0
2022-10-13 13:42:31,347 [INFO] ThirdParty:981 - CMSIS Pack Vendor :STMicroelectronics X-CUBE-SUBG2 5.0.0
2022-10-13 13:42:31,347 [INFO] ThirdParty:981 - CMSIS Pack Vendor :SEGGER I-CUBE-embOS 1.2.0
2022-10-13 13:42:31,347 [INFO] ThirdParty:981 - CMSIS Pack Vendor :STMicroelectronics STM32_WPAN 1.0.0
2022-10-13 13:42:31,347 [INFO] ThirdParty:981 - CMSIS Pack Vendor :STMicroelectronics lwIP 2.0.3
2022-10-13 13:42:31,347 [INFO] ThirdParty:981 - CMSIS Pack Vendor :STMicroelectronics X-CUBE-BLE1 6.2.2
2022-10-13 13:42:31,347 [INFO] ThirdParty:981 - CMSIS Pack Vendor :STMicroelectronics X-CUBE-NFC4 2.0.4
2022-10-13 13:42:31,347 [INFO] ThirdParty:981 - CMSIS Pack Vendor :STMicroelectronics X-CUBE-BLE2 3.2.2
2022-10-13 13:42:31,347 [INFO] ThirdParty:981 - CMSIS Pack Vendor :STMicroelectronics USB_HOST 1.0.0
2022-10-13 13:42:31,347 [INFO] ThirdParty:981 - CMSIS Pack Vendor :STMicroelectronics X-CUBE-NFC4 2.0.3
2022-10-13 13:42:31,347 [INFO] ThirdParty:981 - CMSIS Pack Vendor :STMicroelectronics X-CUBE-DISPLAY 2.1.0
2022-10-13 13:42:31,347 [INFO] ThirdParty:981 - CMSIS Pack Vendor :STMicroelectronics PDM2PCM 3.1.0
2022-10-13 13:42:31,363 [INFO] ThirdParty:981 - CMSIS Pack Vendor :STMicroelectronics FP-ATR-ASTRA1 1.1.1
2022-10-13 13:42:31,363 [INFO] ThirdParty:981 - CMSIS Pack Vendor :STMicroelectronics X-CUBE-TOUCHGFX 4.19.0
2022-10-13 13:42:31,363 [INFO] ThirdParty:981 - CMSIS Pack Vendor :STMicroelectronics PDM2PCM 3.3.0
2022-10-13 13:42:31,363 [INFO] ThirdParty:981 - CMSIS Pack Vendor :STMicroelectronics X-CUBE-TOF1 3.1.0
2022-10-13 13:42:31,363 [INFO] ThirdParty:981 - CMSIS Pack Vendor :STMicroelectronics X-CUBE-SFXS2LP1 3.1.0
2022-10-13 13:42:31,363 [INFO] ThirdParty:981 - CMSIS Pack Vendor :wolfSSL I-CUBE-wolfSSL 5.1.1
2022-10-13 13:42:31,363 [INFO] ThirdParty:981 - CMSIS Pack Vendor :STMicroelectronics FP-ATR-ASTRA1 1.1.0
2022-10-13 13:42:31,363 [INFO] ThirdParty:981 - CMSIS Pack Vendor :STMicroelectronics X-CUBE-AZRTOS-F4 1.0.0
2022-10-13 13:42:31,363 [INFO] ThirdParty:981 - CMSIS Pack Vendor :STMicroelectronics X-CUBE-AZRTOS-H7 2.0.0
2022-10-13 13:42:31,363 [INFO] ThirdParty:981 - CMSIS Pack Vendor :STMicroelectronics X-CUBE-AZRTOS-G4 1.0.0
2022-10-13 13:42:31,363 [INFO] ThirdParty:981 - CMSIS Pack Vendor :STMicroelectronics X-CUBE-AZRTOS-L4 1.0.0
2022-10-13 13:42:31,363 [INFO] ThirdParty:981 - CMSIS Pack Vendor :STMicroelectronics HAL Drivers 0.0.0
2022-10-13 13:42:31,363 [INFO] ThirdParty:981 - CMSIS Pack Vendor :STMicroelectronics MBEDTLS 2.16.2
2022-10-13 13:42:31,363 [INFO] ThirdParty:981 - CMSIS Pack Vendor :emotas I-CUBE-CANOPEN 1.1.2
2022-10-13 13:42:31,363 [INFO] ThirdParty:981 - CMSIS Pack Vendor :STMicroelectronics X-CUBE-TOUCHGFX 4.20.0
2022-10-13 13:42:31,363 [INFO] ThirdParty:981 - CMSIS Pack Vendor :STMicroelectronics MBEDTLS 2.14.1
2022-10-13 13:42:31,363 [INFO] ThirdParty:981 - CMSIS Pack Vendor :STMicroelectronics X-CUBE-NFC7 1.0.0
2022-10-13 13:42:31,363 [INFO] ThirdParty:981 - CMSIS Pack Vendor :STMicroelectronics X-CUBE-AZRTOS-F7 1.0.0
2022-10-13 13:42:31,363 [INFO] ThirdParty:981 - CMSIS Pack Vendor :STMicroelectronics X-CUBE-AZRTOS-WL 1.0.0
2022-10-13 13:42:31,363 [INFO] ThirdParty:981 - CMSIS Pack Vendor :STMicroelectronics X-CUBE-SUBG2 4.2.0
2022-10-13 13:42:31,363 [INFO] ThirdParty:981 - CMSIS Pack Vendor :STMicroelectronics X-CUBE-MEMS1 9.1.0
2022-10-13 13:42:31,363 [INFO] ThirdParty:981 - CMSIS Pack Vendor :STMicroelectronics X-CUBE-MEMS1 9.3.0
2022-10-13 13:42:31,363 [INFO] ThirdParty:981 - CMSIS Pack Vendor :portGmbH I-Cube-SoM-uGOAL 1.1.0
2022-10-13 13:42:31,363 [INFO] ThirdParty:981 - CMSIS Pack Vendor :STMicroelectronics X-CUBE-ALS 1.0.1
2022-10-13 13:42:31,363 [INFO] ThirdParty:981 - CMSIS Pack Vendor :STMicroelectronics X-CUBE-AI 7.2.0
2022-10-13 13:42:31,363 [INFO] ThirdParty:981 - CMSIS Pack Vendor :STMicroelectronics ThreadX 1.0.0
2022-10-13 13:42:31,363 [INFO] ThirdParty:981 - CMSIS Pack Vendor :STMicroelectronics X-CUBE-AZRTOS-L5 1.0.0
2022-10-13 13:42:31,363 [INFO] ThirdParty:981 - CMSIS Pack Vendor :STMicroelectronics USB_DEVICE 1.0.0
2022-10-13 13:42:31,363 [INFO] ThirdParty:981 - CMSIS Pack Vendor :STMicroelectronics X-CUBE-AZRTOS-G0 1.0.0
2022-10-13 13:42:31,363 [INFO] ThirdParty:981 - CMSIS Pack Vendor :STMicroelectronics X-CUBE-EEPRMA1 3.1.1
2022-10-13 13:42:31,363 [INFO] ThirdParty:981 - CMSIS Pack Vendor :STMicroelectronics X-CUBE-GNSS1 5.2.0
2022-10-13 13:42:31,363 [INFO] ThirdParty:981 - CMSIS Pack Vendor :STMicroelectronics ThreadX 0.0.2
2022-10-13 13:42:31,363 [INFO] ThirdParty:981 - CMSIS Pack Vendor :STMicroelectronics lwIP 2.1.2
2022-10-13 13:42:31,363 [INFO] ThirdParty:981 - CMSIS Pack Vendor :STMicroelectronics X-CUBE-SFXS2LP1 4.0.0
2022-10-13 13:42:31,363 [INFO] ThirdParty:981 - CMSIS Pack Vendor :STMicroelectronics X-CUBE-BLE2 3.3.0
2022-10-13 13:42:31,363 [INFO] ThirdParty:981 - CMSIS Pack Vendor :STMicroelectronics X-CUBE-DISPLAY 2.0.1
2022-10-13 13:42:31,363 [INFO] ThirdParty:981 - CMSIS Pack Vendor :STMicroelectronics X-CUBE-DISPLAY 2.2.0
2022-10-13 13:42:31,363 [INFO] ThirdParty:981 - CMSIS Pack Vendor :STMicroelectronics PDM2PCM 3.2.0
2022-10-13 13:42:31,363 [INFO] ThirdParty:981 - CMSIS Pack Vendor :STMicroelectronics X-CUBE-TOUCHGFX 4.18.1
2022-10-13 13:42:31,363 [INFO] ThirdParty:981 - CMSIS Pack Vendor :STMicroelectronics X-CUBE-TOF1 3.0.0
2022-10-13 13:42:31,363 [INFO] ThirdParty:981 - CMSIS Pack Vendor :STMicroelectronics X-CUBE-ISPU 1.0.0
2022-10-13 13:42:31,363 [INFO] ThirdParty:797 - exiting critical section [change project]
2022-10-13 13:42:32,221 [INFO] PinOutPanel:1468 - setPackage(No Configuration,No Configuration)
2022-10-13 13:42:32,221 [INFO] PinOutPanel:1468 - setPackage(STM32F746ZGTx,LQFP144)
2022-10-13 13:42:33,845 [INFO] UtilMem:74 - Before build in PCC Used Memory: 696686480 Bytes (857735168)
2022-10-13 13:42:35,018 [INFO] UtilMem:74 - After build in PCC Used Memory: 743696888 Bytes (857735168)
2022-10-13 13:42:35,083 [INFO] IPUIPlugin:79 - create IPUIPlugin
2022-10-13 13:42:35,083 [INFO] IPUIPlugin:79 - create IPUIPlugin
2022-10-13 13:42:35,083 [INFO] IPUIPlugin:79 - create IPUIPlugin
2022-10-13 13:42:35,083 [INFO] IPUIPlugin:79 - create IPUIPlugin
2022-10-13 13:42:35,083 [INFO] IPUIPlugin:79 - create IPUIPlugin
2022-10-13 13:42:35,083 [INFO] IPUIPlugin:79 - create IPUIPlugin
2022-10-13 13:42:35,083 [INFO] IPUIPlugin:79 - create IPUIPlugin
2022-10-13 13:42:35,083 [INFO] IPUIPlugin:79 - create IPUIPlugin
2022-10-13 13:42:35,083 [INFO] IPUIPlugin:79 - create IPUIPlugin
2022-10-13 13:42:35,083 [INFO] IPUIPlugin:79 - create IPUIPlugin
2022-10-13 13:42:35,083 [INFO] IPUIPlugin:79 - create IPUIPlugin
2022-10-13 13:42:35,083 [INFO] IPUIPlugin:79 - create IPUIPlugin
2022-10-13 13:42:35,083 [INFO] IPUIPlugin:79 - create IPUIPlugin
2022-10-13 13:42:35,083 [INFO] IPUIPlugin:79 - create IPUIPlugin
2022-10-13 13:42:35,083 [INFO] IPUIPlugin:79 - create IPUIPlugin
2022-10-13 13:42:35,083 [INFO] IPUIPlugin:79 - create IPUIPlugin
2022-10-13 13:42:35,083 [INFO] IPUIPlugin:79 - create IPUIPlugin
2022-10-13 13:42:35,083 [INFO] IPUIPlugin:79 - create IPUIPlugin
2022-10-13 13:42:35,083 [INFO] IPUIPlugin:79 - create IPUIPlugin
2022-10-13 13:42:35,083 [INFO] IPUIPlugin:79 - create IPUIPlugin
2022-10-13 13:42:35,083 [INFO] IPUIPlugin:79 - create IPUIPlugin
2022-10-13 13:42:35,083 [INFO] IPUIPlugin:79 - create IPUIPlugin
2022-10-13 13:42:35,083 [INFO] IPUIPlugin:79 - create IPUIPlugin
2022-10-13 13:42:35,083 [INFO] IPUIPlugin:79 - create IPUIPlugin
2022-10-13 13:42:35,083 [INFO] IPUIPlugin:79 - create IPUIPlugin
2022-10-13 13:42:35,083 [INFO] IPUIPlugin:79 - create IPUIPlugin
2022-10-13 13:42:35,083 [INFO] IPUIPlugin:79 - create IPUIPlugin
2022-10-13 13:42:35,083 [INFO] IPUIPlugin:79 - create IPUIPlugin
2022-10-13 13:42:35,083 [INFO] IPUIPlugin:79 - create IPUIPlugin
2022-10-13 13:42:35,083 [INFO] IPUIPlugin:79 - create IPUIPlugin
2022-10-13 13:42:35,083 [INFO] IPUIPlugin:79 - create IPUIPlugin
2022-10-13 13:42:35,083 [INFO] IPUIPlugin:79 - create IPUIPlugin
2022-10-13 13:42:35,083 [INFO] IPUIPlugin:79 - create IPUIPlugin
2022-10-13 13:42:35,083 [INFO] IPUIPlugin:79 - create IPUIPlugin
2022-10-13 13:42:35,083 [INFO] IPUIPlugin:79 - create IPUIPlugin
2022-10-13 13:42:35,083 [INFO] IPUIPlugin:79 - create IPUIPlugin
2022-10-13 13:42:35,083 [INFO] IPUIPlugin:79 - create IPUIPlugin
2022-10-13 13:42:35,083 [INFO] IPUIPlugin:79 - create IPUIPlugin
2022-10-13 13:42:35,083 [INFO] IPUIPlugin:79 - create IPUIPlugin
2022-10-13 13:42:35,083 [INFO] IPUIPlugin:79 - create IPUIPlugin
2022-10-13 13:42:35,083 [INFO] IPUIPlugin:79 - create IPUIPlugin
2022-10-13 13:42:35,083 [INFO] IPUIPlugin:79 - create IPUIPlugin
2022-10-13 13:42:35,083 [INFO] IPUIPlugin:79 - create IPUIPlugin
2022-10-13 13:42:35,083 [INFO] IPUIPlugin:79 - create IPUIPlugin
2022-10-13 13:42:35,083 [INFO] IPUIPlugin:79 - create IPUIPlugin
2022-10-13 13:42:35,083 [INFO] IPUIPlugin:79 - create IPUIPlugin
2022-10-13 13:42:35,083 [INFO] IPUIPlugin:79 - create IPUIPlugin
2022-10-13 13:42:35,083 [INFO] IPUIPlugin:79 - create IPUIPlugin
2022-10-13 13:42:35,099 [INFO] IPUIPlugin:79 - create IPUIPlugin
2022-10-13 13:42:35,099 [INFO] IPUIPlugin:79 - create IPUIPlugin
2022-10-13 13:42:35,099 [INFO] IPUIPlugin:79 - create IPUIPlugin
2022-10-13 13:42:35,099 [INFO] IPUIPlugin:79 - create IPUIPlugin
2022-10-13 13:42:35,099 [INFO] IPUIPlugin:79 - create IPUIPlugin
2022-10-13 13:42:35,099 [INFO] IPUIPlugin:79 - create IPUIPlugin
2022-10-13 13:42:35,099 [INFO] IPUIPlugin:79 - create IPUIPlugin
2022-10-13 13:42:35,099 [INFO] IPUIPlugin:79 - create IPUIPlugin
2022-10-13 13:42:35,099 [INFO] IPUIPlugin:79 - create IPUIPlugin
2022-10-13 13:42:35,099 [INFO] IPUIPlugin:79 - create IPUIPlugin
2022-10-13 13:42:35,099 [INFO] IPUIPlugin:79 - create IPUIPlugin
2022-10-13 13:42:35,099 [INFO] IPUIPlugin:79 - create IPUIPlugin
2022-10-13 13:42:35,099 [INFO] IPUIPlugin:79 - create IPUIPlugin
2022-10-13 13:42:35,099 [INFO] IPUIPlugin:79 - create IPUIPlugin
2022-10-13 13:42:35,099 [INFO] IPUIPlugin:79 - create IPUIPlugin
2022-10-13 13:42:35,099 [INFO] IPUIPlugin:79 - create IPUIPlugin
2022-10-13 13:42:35,099 [INFO] IPUIPlugin:79 - create IPUIPlugin
2022-10-13 13:42:35,099 [INFO] IPUIPlugin:79 - create IPUIPlugin
2022-10-13 13:42:35,099 [INFO] IPUIPlugin:79 - create IPUIPlugin
2022-10-13 13:42:35,099 [INFO] IPUIPlugin:79 - create IPUIPlugin
2022-10-13 13:42:35,099 [INFO] IPUIPlugin:79 - create IPUIPlugin
2022-10-13 13:42:35,099 [INFO] IPUIPlugin:79 - create IPUIPlugin
2022-10-13 13:42:35,099 [INFO] IPUIPlugin:79 - create IPUIPlugin
2022-10-13 13:42:35,099 [INFO] IPUIPlugin:79 - create IPUIPlugin
2022-10-13 13:42:35,099 [INFO] IPUIPlugin:79 - create IPUIPlugin
2022-10-13 13:42:35,099 [INFO] IPUIPlugin:79 - create IPUIPlugin
2022-10-13 13:42:35,215 [INFO] ApiDbMcu:505 - Load IP Config File for PDM2PCM
2022-10-13 13:42:35,510 [INFO] OpenFileManager:327 - Restore cursor
2022-10-13 13:42:37,145 [INFO] UtilMem:74 - End SaveConfig() Used Memory: 760534648 Bytes (857735168)
2022-10-13 13:42:37,297 [INFO] UtilMem:74 - End SaveConfig() Used Memory: 688887216 Bytes (857735168)
2022-10-13 13:42:38,123 [INFO] BlockDiagram:2753 - set Specific Code input for plugin: SYS
2022-10-13 13:42:38,123 [INFO] BlockDiagram:2753 - set Specific Code input for plugin: RCC
2022-10-13 13:42:38,123 [INFO] BlockDiagram:2753 - set Specific Code input for plugin: NVIC
2022-10-13 13:42:38,123 [INFO] BlockDiagram:2753 - set Specific Code input for plugin: USART
2022-10-13 13:42:38,123 [INFO] BlockDiagram:2753 - set Specific Code input for plugin: GPIO
2022-10-13 13:42:38,131 [INFO] CodeGenerator:690 - code generatio: config db path: C:\ST\STM32CubeIDE_1.8.0\STM32CubeIDE\plugins\com.st.stm32cube.common.mx_6.6.1.202207061420\\db\
2022-10-13 13:42:38,998 [INFO] CodeEngine:245 - oldGeneratedFile, C:\PP\Dydaktyka\MATERIALY\SM_MATERIALY\NUCLEO-F756ZG-Examples-ver-2022-23\L01_Example\MXTmpFiles\license.tmp_save
2022-10-13 13:42:39,610 [INFO] CodeEngine:269 - Generated code: C:\PP\Dydaktyka\MATERIALY\SM_MATERIALY\NUCLEO-F756ZG-Examples-ver-2022-23\L01_Example\MXTmpFiles\license.tmp
2022-10-13 13:42:39,872 [INFO] CodeEngine:245 - oldGeneratedFile, C:\PP\Dydaktyka\MATERIALY\SM_MATERIALY\NUCLEO-F756ZG-Examples-ver-2022-23\L01_Example\Core\Src\gpio.c_save
2022-10-13 13:42:40,174 [INFO] CodeEngine:269 - Generated code: C:\PP\Dydaktyka\MATERIALY\SM_MATERIALY\NUCLEO-F756ZG-Examples-ver-2022-23\L01_Example\Core\Src\gpio.c
2022-10-13 13:42:40,184 [INFO] CodeEngine:245 - oldGeneratedFile, C:\PP\Dydaktyka\MATERIALY\SM_MATERIALY\NUCLEO-F756ZG-Examples-ver-2022-23\L01_Example\Core\Inc\gpio.h_save
2022-10-13 13:42:40,386 [INFO] CodeEngine:269 - Generated code: C:\PP\Dydaktyka\MATERIALY\SM_MATERIALY\NUCLEO-F756ZG-Examples-ver-2022-23\L01_Example\Core\Inc\gpio.h
2022-10-13 13:42:40,869 [INFO] CodeEngine:245 - oldGeneratedFile, C:\PP\Dydaktyka\MATERIALY\SM_MATERIALY\NUCLEO-F756ZG-Examples-ver-2022-23\L01_Example\MXTmpFiles\cortex.tmp_save
2022-10-13 13:42:41,059 [INFO] CodeEngine:269 - Generated code: C:\PP\Dydaktyka\MATERIALY\SM_MATERIALY\NUCLEO-F756ZG-Examples-ver-2022-23\L01_Example\MXTmpFiles\cortex.tmp
2022-10-13 13:42:41,089 [INFO] CodeEngine:245 - oldGeneratedFile, C:\PP\Dydaktyka\MATERIALY\SM_MATERIALY\NUCLEO-F756ZG-Examples-ver-2022-23\L01_Example\Core\Src\usart.c_save
2022-10-13 13:42:41,341 [INFO] CodeEngine:269 - Generated code: C:\PP\Dydaktyka\MATERIALY\SM_MATERIALY\NUCLEO-F756ZG-Examples-ver-2022-23\L01_Example\Core\Src\usart.c
2022-10-13 13:42:41,369 [INFO] CodeEngine:245 - oldGeneratedFile, C:\PP\Dydaktyka\MATERIALY\SM_MATERIALY\NUCLEO-F756ZG-Examples-ver-2022-23\L01_Example\Core\Inc\usart.h_save
2022-10-13 13:42:41,492 [INFO] CodeEngine:269 - Generated code: C:\PP\Dydaktyka\MATERIALY\SM_MATERIALY\NUCLEO-F756ZG-Examples-ver-2022-23\L01_Example\Core\Inc\usart.h
2022-10-13 13:42:41,551 [INFO] CodeEngine:245 - oldGeneratedFile, C:\PP\Dydaktyka\MATERIALY\SM_MATERIALY\NUCLEO-F756ZG-Examples-ver-2022-23\L01_Example\Core\Src\stm32f7xx_it.c_save
2022-10-13 13:42:41,722 [INFO] CodeEngine:269 - Generated code: C:\PP\Dydaktyka\MATERIALY\SM_MATERIALY\NUCLEO-F756ZG-Examples-ver-2022-23\L01_Example\Core\Src\stm32f7xx_it.c
2022-10-13 13:42:41,766 [INFO] CodeEngine:245 - oldGeneratedFile, C:\PP\Dydaktyka\MATERIALY\SM_MATERIALY\NUCLEO-F756ZG-Examples-ver-2022-23\L01_Example\Core\Inc\stm32f7xx_it.h_save
2022-10-13 13:42:41,907 [INFO] CodeEngine:269 - Generated code: C:\PP\Dydaktyka\MATERIALY\SM_MATERIALY\NUCLEO-F756ZG-Examples-ver-2022-23\L01_Example\Core\Inc\stm32f7xx_it.h
2022-10-13 13:42:41,925 [INFO] CodeEngine:245 - oldGeneratedFile, C:\PP\Dydaktyka\MATERIALY\SM_MATERIALY\NUCLEO-F756ZG-Examples-ver-2022-23\L01_Example\Core\Src\stm32f7xx_hal_msp.c_save
2022-10-13 13:42:42,136 [INFO] CodeEngine:269 - Generated code: C:\PP\Dydaktyka\MATERIALY\SM_MATERIALY\NUCLEO-F756ZG-Examples-ver-2022-23\L01_Example\Core\Src\stm32f7xx_hal_msp.c
2022-10-13 13:42:42,156 [INFO] CodeEngine:245 - oldGeneratedFile, C:\PP\Dydaktyka\MATERIALY\SM_MATERIALY\NUCLEO-F756ZG-Examples-ver-2022-23\L01_Example\MXTmpFiles\system.tmp_save
2022-10-13 13:42:42,273 [INFO] CodeEngine:269 - Generated code: C:\PP\Dydaktyka\MATERIALY\SM_MATERIALY\NUCLEO-F756ZG-Examples-ver-2022-23\L01_Example\MXTmpFiles\system.tmp
2022-10-13 13:42:42,295 [INFO] CodeEngine:245 - oldGeneratedFile, C:\PP\Dydaktyka\MATERIALY\SM_MATERIALY\NUCLEO-F756ZG-Examples-ver-2022-23\L01_Example\Core\Inc\stm32f7xx_hal_conf.h_save
2022-10-13 13:42:42,456 [INFO] CodeEngine:269 - Generated code: C:\PP\Dydaktyka\MATERIALY\SM_MATERIALY\NUCLEO-F756ZG-Examples-ver-2022-23\L01_Example\Core\Inc\stm32f7xx_hal_conf.h
2022-10-13 13:42:42,535 [INFO] CodeEngine:245 - oldGeneratedFile, C:\PP\Dydaktyka\MATERIALY\SM_MATERIALY\NUCLEO-F756ZG-Examples-ver-2022-23\L01_Example\Core\Inc\main.h_save
2022-10-13 13:42:42,668 [INFO] CodeEngine:269 - Generated code: C:\PP\Dydaktyka\MATERIALY\SM_MATERIALY\NUCLEO-F756ZG-Examples-ver-2022-23\L01_Example\Core\Inc\main.h
2022-10-13 13:42:42,708 [INFO] CodeEngine:245 - oldGeneratedFile, C:\PP\Dydaktyka\MATERIALY\SM_MATERIALY\NUCLEO-F756ZG-Examples-ver-2022-23\L01_Example\Core\Src\main.c_save
2022-10-13 13:42:43,031 [INFO] CodeEngine:269 - Generated code: C:\PP\Dydaktyka\MATERIALY\SM_MATERIALY\NUCLEO-F756ZG-Examples-ver-2022-23\L01_Example\Core\Src\main.c
2022-10-13 13:42:44,524 [INFO] ProjectBuilder:2919 - Time for Copy HAL[1] : 549mS.
2022-10-13 13:42:44,544 [INFO] ProjectBuilder:4117 - Project Generator version: 3.17.1
2022-10-13 13:42:45,040 [INFO] ConfigFileManager:1394 - The Die is : DIE449
2022-10-13 13:42:45,091 [INFO] ApiDbMcu:505 - Load IP Config File for FATFS
2022-10-13 13:42:45,111 [INFO] ApiDbMcu:505 - Load IP Config File for FREERTOS
2022-10-13 13:42:45,121 [INFO] ApiDbMcu:505 - Load IP Config File for LIBJPEG
2022-10-13 13:42:45,141 [INFO] ApiDbMcu:505 - Load IP Config File for LWIP
2022-10-13 13:42:45,151 [INFO] ApiDbMcu:505 - Load IP Config File for MBEDTLS
2022-10-13 13:42:45,172 [INFO] ApiDbMcu:505 - Load IP Config File for USB_DEVICE
2022-10-13 13:42:45,192 [INFO] ApiDbMcu:505 - Load IP Config File for USB_HOST
2022-10-13 13:42:52,627 [INFO] ProjectBuilder:4285 - Time for Generating toolchain IDE Files: 8083mS.
2022-10-13 13:42:52,627 [INFO] ProjectBuilder:2790 - Time for Copy CMSIS : 0mS.
2022-10-13 13:42:52,627 [INFO] ProjectBuilder:2790 - Time for Copy CMSIS : 0mS.
2022-10-13 13:42:53,514 [INFO] McuFinderGlobals:57 - Set McuFinderConnectedMode to true
2022-10-13 13:42:53,778 [INFO] ApiDb:443 - Save user favorites file C:\Users\AW/.stm32cubeide/favorites.mcus.txt: 0 item(s)
2022-10-13 13:42:53,778 [INFO] ApiDb:447 - User favorites MCUs=[]
